Using pre-set license
Built from '2022.3/staging' branch; Version is '2022.3.23f1 (dbb3f7c5b5c6) revision 14398455'; Using compiler version '192829333'; Build Type 'Release'
OS: 'Windows 10  (10.0.19045) 64bit CoreSingleLanguage' Language: 'en' Physical Memory: 16150 MB
BatchMode: 1, IsHumanControllingUs: 0, StartBugReporterOnCrash: 0, Is64bit: 1, IsPro: 1

COMMAND LINE ARGUMENTS:
C:\Program Files\Unity\Hub\Editor\2022.3.23f1\Editor\Unity.exe
-adb2
-batchMode
-noUpm
-name
AssetImportWorker2
-projectPath
C:/Projects/repositories/traffic-system-automation
-logFile
Logs/AssetImportWorker2.log
-srvPort
58366
Successfully changed project path to: C:/Projects/repositories/traffic-system-automation
C:/Projects/repositories/traffic-system-automation
[UnityMemory] Configuration Parameters - Can be set up in boot.config
    "memorysetup-bucket-allocator-granularity=16"
    "memorysetup-bucket-allocator-bucket-count=8"
    "memorysetup-bucket-allocator-block-size=33554432"
    "memorysetup-bucket-allocator-block-count=8"
    "memorysetup-main-allocator-block-size=16777216"
    "memorysetup-thread-allocator-block-size=16777216"
    "memorysetup-gfx-main-allocator-block-size=16777216"
    "memorysetup-gfx-thread-allocator-block-size=16777216"
    "memorysetup-cache-allocator-block-size=4194304"
    "memorysetup-typetree-allocator-block-size=2097152"
    "memorysetup-profiler-bucket-allocator-granularity=16"
    "memorysetup-profiler-bucket-allocator-bucket-count=8"
    "memorysetup-profiler-bucket-allocator-block-size=33554432"
    "memorysetup-profiler-bucket-allocator-block-count=8"
    "memorysetup-profiler-allocator-block-size=16777216"
    "memorysetup-profiler-editor-allocator-block-size=1048576"
    "memorysetup-temp-allocator-size-main=16777216"
    "memorysetup-job-temp-allocator-block-size=2097152"
    "memorysetup-job-temp-allocator-block-size-background=1048576"
    "memorysetup-job-temp-allocator-reduction-small-platforms=262144"
    "memorysetup-allocator-temp-initial-block-size-main=262144"
    "memorysetup-allocator-temp-initial-block-size-worker=262144"
    "memorysetup-temp-allocator-size-background-worker=32768"
    "memorysetup-temp-allocator-size-job-worker=262144"
    "memorysetup-temp-allocator-size-preload-manager=33554432"
    "memorysetup-temp-allocator-size-nav-mesh-worker=65536"
    "memorysetup-temp-allocator-size-audio-worker=65536"
    "memorysetup-temp-allocator-size-cloud-worker=32768"
    "memorysetup-temp-allocator-size-gi-baking-worker=262144"
    "memorysetup-temp-allocator-size-gfx=262144"
Player connection [9600] Host "[IP] 192.168.56.1 [Port] 0 [Flags] 2 [Guid] 2492736930 [EditorId] 2492736930 [Version] 1048832 [Id] WindowsEditor(7,OMEN-15-RZNV) [Debug] 1 [PackageName] WindowsEditor [ProjectName] Editor" joined multi-casting on [225.0.0.222:54997]...

Player connection [9600] Host "[IP] 192.168.56.1 [Port] 0 [Flags] 2 [Guid] 2492736930 [EditorId] 2492736930 [Version] 1048832 [Id] WindowsEditor(7,OMEN-15-RZNV) [Debug] 1 [PackageName] WindowsEditor [ProjectName] Editor" joined alternative multi-casting on [225.0.0.222:34997]...

[Physics::Module] Initialized MultithreadedJobDispatcher with 11 workers.
Refreshing native plugins compatible for Editor in 15.54 ms, found 3 plugins.
Preloading 0 native plugins for Editor in 0.00 ms.
Initialize engine version: 2022.3.23f1 (dbb3f7c5b5c6)
[Subsystems] Discovering subsystems at path C:/Program Files/Unity/Hub/Editor/2022.3.23f1/Editor/Data/Resources/UnitySubsystems
[Subsystems] Discovering subsystems at path C:/Projects/repositories/traffic-system-automation/Assets
GfxDevice: creating device client; threaded=0; jobified=0
Direct3D:
    Version:  Direct3D 11.0 [level 11.1]
    Renderer: NVIDIA GeForce RTX 2060 (ID=0x1f15)
    Vendor:   NVIDIA
    VRAM:     5955 MB
    Driver:   31.0.15.5186
Initialize mono
Mono path[0] = 'C:/Program Files/Unity/Hub/Editor/2022.3.23f1/Editor/Data/Managed'
Mono path[1] = 'C:/Program Files/Unity/Hub/Editor/2022.3.23f1/Editor/Data/MonoBleedingEdge/lib/mono/unityjit-win32'
Mono config path = 'C:/Program Files/Unity/Hub/Editor/2022.3.23f1/Editor/Data/MonoBleedingEdge/etc'
Using monoOptions --debugger-agent=transport=dt_socket,embedding=1,server=y,suspend=n,address=127.0.0.1:56324
Begin MonoManager ReloadAssembly
Registering precompiled unity dll's ...
Register platform support module: C:/Program Files/Unity/Hub/Editor/2022.3.23f1/Editor/Data/PlaybackEngines/WebGLSupport/UnityEditor.WebGL.Extensions.dll
Register platform support module: C:/Program Files/Unity/Hub/Editor/2022.3.23f1/Editor/Data/PlaybackEngines/WindowsStandaloneSupport/UnityEditor.WindowsStandalone.Extensions.dll
Registered in 0.020575 seconds.
- Loaded All Assemblies, in  0.564 seconds
Native extension for WindowsStandalone target not found
Native extension for WebGL target not found
Mono: successfully reloaded assembly
- Finished resetting the current domain, in  0.381 seconds
Domain Reload Profiling: 941ms
	BeginReloadAssembly (172ms)
		ExecutionOrderSort (0ms)
		DisableScriptedObjects (0ms)
		BackupInstance (0ms)
		ReleaseScriptingObjects (0ms)
		CreateAndSetChildDomain (1ms)
	RebuildCommonClasses (47ms)
	RebuildNativeTypeToScriptingClass (13ms)
	initialDomainReloadingComplete (104ms)
	LoadAllAssembliesAndSetupDomain (225ms)
		LoadAssemblies (168ms)
		RebuildTransferFunctionScriptingTraits (0ms)
		AnalyzeDomain (221ms)
			TypeCache.Refresh (219ms)
				TypeCache.ScanAssembly (198ms)
			ScanForSourceGeneratedMonoScriptInfo (0ms)
			ResolveRequiredComponents (1ms)
	FinalizeReload (381ms)
		ReleaseScriptCaches (0ms)
		RebuildScriptCaches (0ms)
		SetupLoadedEditorAssemblies (243ms)
			LogAssemblyErrors (0ms)
			InitializePlatformSupportModulesInManaged (22ms)
			SetLoadedEditorAssemblies (7ms)
			RefreshPlugins (0ms)
			BeforeProcessingInitializeOnLoad (3ms)
			ProcessInitializeOnLoadAttributes (161ms)
			ProcessInitializeOnLoadMethodAttributes (50ms)
			AfterProcessingInitializeOnLoad (0ms)
			EditorAssembliesLoaded (0ms)
		ExecutionOrderSort2 (0ms)
		AwakeInstancesAfterBackupRestoration (0ms)
========================================================================
Worker process is ready to serve import requests
Begin MonoManager ReloadAssembly
- Loaded All Assemblies, in  0.778 seconds
Refreshing native plugins compatible for Editor in 4.61 ms, found 3 plugins.
Native extension for WindowsStandalone target not found
Native extension for WebGL target not found
Package Manager log level set to [2]
[Package Manager] Server::EnsureServerProcessIsRunning -- launch failed, reason: Unity was launched with the -noUpm command-line argument
[Package Manager] UpmClient::Send -- Unable to send message (not connected to UPM process).
[Package Manager] Cannot connect to Unity Package Manager local server
Mono: successfully reloaded assembly
- Finished resetting the current domain, in  0.653 seconds
Domain Reload Profiling: 1426ms
	BeginReloadAssembly (191ms)
		ExecutionOrderSort (0ms)
		DisableScriptedObjects (6ms)
		BackupInstance (0ms)
		ReleaseScriptingObjects (0ms)
		CreateAndSetChildDomain (21ms)
	RebuildCommonClasses (36ms)
	RebuildNativeTypeToScriptingClass (11ms)
	initialDomainReloadingComplete (50ms)
	LoadAllAssembliesAndSetupDomain (485ms)
		LoadAssemblies (388ms)
		RebuildTransferFunctionScriptingTraits (0ms)
		AnalyzeDomain (197ms)
			TypeCache.Refresh (173ms)
				TypeCache.ScanAssembly (158ms)
			ScanForSourceGeneratedMonoScriptInfo (15ms)
			ResolveRequiredComponents (5ms)
	FinalizeReload (653ms)
		ReleaseScriptCaches (0ms)
		RebuildScriptCaches (0ms)
		SetupLoadedEditorAssemblies (504ms)
			LogAssemblyErrors (0ms)
			InitializePlatformSupportModulesInManaged (9ms)
			SetLoadedEditorAssemblies (4ms)
			RefreshPlugins (0ms)
			BeforeProcessingInitializeOnLoad (67ms)
			ProcessInitializeOnLoadAttributes (393ms)
			ProcessInitializeOnLoadMethodAttributes (19ms)
			AfterProcessingInitializeOnLoad (12ms)
			EditorAssembliesLoaded (0ms)
		ExecutionOrderSort2 (0ms)
		AwakeInstancesAfterBackupRestoration (10ms)
Launched and connected shader compiler UnityShaderCompiler.exe after 0.05 seconds
Refreshing native plugins compatible for Editor in 4.65 ms, found 3 plugins.
Preloading 0 native plugins for Editor in 0.00 ms.
Unloading 3477 Unused Serialized files (Serialized files now loaded: 0)
Unloading 39 unused Assets / (58.0 KB). Loaded Objects now: 3963.
Memory consumption went from 148.0 MB to 147.9 MB.
Total: 3.363800 ms (FindLiveObjects: 0.280200 ms CreateObjectMapping: 0.271500 ms MarkObjects: 2.713000 ms  DeleteObjects: 0.098300 ms)

AssetImportParameters requested are different than current active one (requested -> active):
  custom:container-demuxer-ogg: 62fdf1f143b41e24485cea50d1cbac27 -> 
  custom:video-decoder-ogg-theora: a1e56fd34408186e4bbccfd4996cb3dc -> 
  custom:framework-win-MediaFoundation: 216162199b28c13a410421893ffa2e32 -> 
  custom:CustomObjectIndexerAttribute: 9a22284fe3817be447336de3de66b15e -> 
  custom:container-demuxer-webm: 4f35f7cbe854078d1ac9338744f61a02 -> 
  custom:container-muxer-webm: aa71ff27fc2769a1b78a27578f13a17b -> 
  custom:video-decoder-webm-vp8: 9c59270c3fd7afecdb556c50c9e8de78 -> 
  custom:SearchIndexIgnoredProperties: e643bd26f0fe6173181afceb89e7c659 -> 
  custom:AudioImporter_EditorPlatform: d09bf68614088b80899f8185d706f6e7 -> 
  custom:video-encoder-webm-vp8: eb34c28f22e8b96e1ab97ce403110664 -> 
  custom:audio-decoder-ogg-vorbis: bf7c407c2cedff20999df2af8eb42d56 -> 
  custom:audio-encoder-webm-vorbis: bf7c407c2cedff20999df2af8eb42d56 -> 
========================================================================
Received Import Request.
  Time since last request: 292720.465464 seconds.
  path: Assets/Nebula - Free low poly car pack/Textures/Pastel
  artifactKey: Guid(a18e0b24f9604954bb07ef78e0d15b79) Importer(815301076,1909f56bfc062723c751e8b465ee728b)
Start importing Assets/Nebula - Free low poly car pack/Textures/Pastel using Guid(a18e0b24f9604954bb07ef78e0d15b79) Importer(815301076,1909f56bfc062723c751e8b465ee728b)  -> (artifact id: '091d9125e3ba5231ceb78f864c91efbc') in 0.002572 seconds
Number of updated asset objects reloaded before import = 0
Number of asset objects unloaded after import = 0
========================================================================
Received Import Request.
  Time since last request: 0.034723 seconds.
  path: Assets/Nebula - Free low poly car pack/Textures/Pastel/CarsBlack.png
  artifactKey: Guid(6e6e6c3655e20e34094501627a393c41) Importer(815301076,1909f56bfc062723c751e8b465ee728b)
Start importing Assets/Nebula - Free low poly car pack/Textures/Pastel/CarsBlack.png using Guid(6e6e6c3655e20e34094501627a393c41) Importer(815301076,1909f56bfc062723c751e8b465ee728b)  -> (artifact id: 'fd922c21f44cce991aa4eaef9affc109') in 0.082108 seconds
Number of updated asset objects reloaded before import = 0
Number of asset objects unloaded after import = 2
========================================================================
Received Import Request.
  Time since last request: 0.000044 seconds.
  path: Assets/Nebula - Free low poly car pack/Textures/Pastel/CarsWhite.png
  artifactKey: Guid(da18e9afedec47b4f911528a4a68694b) Importer(815301076,1909f56bfc062723c751e8b465ee728b)
Start importing Assets/Nebula - Free low poly car pack/Textures/Pastel/CarsWhite.png using Guid(da18e9afedec47b4f911528a4a68694b) Importer(815301076,1909f56bfc062723c751e8b465ee728b)  -> (artifact id: '515cf00c8a8392d8ca8010ae61a5a094') in 0.032674 seconds
Number of updated asset objects reloaded before import = 0
Number of asset objects unloaded after import = 2
========================================================================
Received Import Request.
  Time since last request: 5.469149 seconds.
  path: Assets/Nebula - Free low poly car pack/Textures/Saturated/CarsBlackSaturated.png
  artifactKey: Guid(8300f89c1fe614f48a04b66fade74c4f) Importer(815301076,1909f56bfc062723c751e8b465ee728b)
Start importing Assets/Nebula - Free low poly car pack/Textures/Saturated/CarsBlackSaturated.png using Guid(8300f89c1fe614f48a04b66fade74c4f) Importer(815301076,1909f56bfc062723c751e8b465ee728b)  -> (artifact id: '404679e46b266ab96e9da4a0aef7d2e0') in 0.009031 seconds
Number of updated asset objects reloaded before import = 0
Number of asset objects unloaded after import = 2
========================================================================
Received Import Request.
  Time since last request: 0.000031 seconds.
  path: Assets/Nebula - Free low poly car pack/Textures/Saturated/CarsRedSaturated.png
  artifactKey: Guid(1ffeed99dab8a0f4a96dee3c530f85fc) Importer(815301076,1909f56bfc062723c751e8b465ee728b)
Start importing Assets/Nebula - Free low poly car pack/Textures/Saturated/CarsRedSaturated.png using Guid(1ffeed99dab8a0f4a96dee3c530f85fc) Importer(815301076,1909f56bfc062723c751e8b465ee728b)  -> (artifact id: '406f1306fd43cb62567023b8286a1638') in 0.010721 seconds
Number of updated asset objects reloaded before import = 0
Number of asset objects unloaded after import = 2
========================================================================
Received Import Request.
  Time since last request: 0.000017 seconds.
  path: Assets/Nebula - Free low poly car pack/Textures/Saturated/CarsPurpleSaturated.png
  artifactKey: Guid(448abbfb431f18844b6208ba03345679) Importer(815301076,1909f56bfc062723c751e8b465ee728b)
Start importing Assets/Nebula - Free low poly car pack/Textures/Saturated/CarsPurpleSaturated.png using Guid(448abbfb431f18844b6208ba03345679) Importer(815301076,1909f56bfc062723c751e8b465ee728b)  -> (artifact id: '5674d958362a528944d8399762557b50') in 0.019368 seconds
Number of updated asset objects reloaded before import = 0
Number of asset objects unloaded after import = 2
========================================================================
Received Import Request.
  Time since last request: 0.000018 seconds.
  path: Assets/Nebula - Free low poly car pack/Textures/Saturated/CarsWhiteSaturated.png
  artifactKey: Guid(5ef07397de9515e4abcfa91296058421) Importer(815301076,1909f56bfc062723c751e8b465ee728b)
Start importing Assets/Nebula - Free low poly car pack/Textures/Saturated/CarsWhiteSaturated.png using Guid(5ef07397de9515e4abcfa91296058421) Importer(815301076,1909f56bfc062723c751e8b465ee728b)  -> (artifact id: 'f62b2642e5fe376b69e0475f5a555265') in 0.009450 seconds
Number of updated asset objects reloaded before import = 0
Number of asset objects unloaded after import = 2
========================================================================
Received Import Request.
  Time since last request: 0.000038 seconds.
  path: Assets/Nebula - Free low poly car pack/Textures/Saturated/CarsOrangeSaturated.png
  artifactKey: Guid(46c006cbf3a30b84a88f3edb3a6580f8) Importer(815301076,1909f56bfc062723c751e8b465ee728b)
Start importing Assets/Nebula - Free low poly car pack/Textures/Saturated/CarsOrangeSaturated.png using Guid(46c006cbf3a30b84a88f3edb3a6580f8) Importer(815301076,1909f56bfc062723c751e8b465ee728b)  -> (artifact id: '4db56b577a5ecbfee2d462213b1e6c77') in 0.008962 seconds
Number of updated asset objects reloaded before import = 0
Number of asset objects unloaded after import = 2
========================================================================
Received Import Request.
  Time since last request: 1.087649 seconds.
  path: Assets/Nebula - Free low poly car pack/Textures/Special/CarsBluePurple.png
  artifactKey: Guid(9180d8873ad310241a595ab7818a7e59) Importer(815301076,1909f56bfc062723c751e8b465ee728b)
Start importing Assets/Nebula - Free low poly car pack/Textures/Special/CarsBluePurple.png using Guid(9180d8873ad310241a595ab7818a7e59) Importer(815301076,1909f56bfc062723c751e8b465ee728b)  -> (artifact id: 'ed34b8943bdd213f61c075317e8e0334') in 0.008418 seconds
Number of updated asset objects reloaded before import = 0
Number of asset objects unloaded after import = 2
========================================================================
Received Import Request.
  Time since last request: 0.000024 seconds.
  path: Assets/Nebula - Free low poly car pack/Textures/Special/CarsOrangeBrown.png
  artifactKey: Guid(db5985773d8f87443a9556b041e77cb9) Importer(815301076,1909f56bfc062723c751e8b465ee728b)
Start importing Assets/Nebula - Free low poly car pack/Textures/Special/CarsOrangeBrown.png using Guid(db5985773d8f87443a9556b041e77cb9) Importer(815301076,1909f56bfc062723c751e8b465ee728b)  -> (artifact id: 'c45d0a59f99be4560ecd8ee5e1e23aac') in 0.048056 seconds
Number of updated asset objects reloaded before import = 0
Number of asset objects unloaded after import = 2
========================================================================
Received Import Request.
  Time since last request: 1.458978 seconds.
  path: Assets/Nebula - Free low poly car pack/Textures/Saturated/DualColor/CarsBlackDualSaturated.png
  artifactKey: Guid(6aa22d89ca2de0b48abefd6f1461069b) Importer(815301076,1909f56bfc062723c751e8b465ee728b)
Start importing Assets/Nebula - Free low poly car pack/Textures/Saturated/DualColor/CarsBlackDualSaturated.png using Guid(6aa22d89ca2de0b48abefd6f1461069b) Importer(815301076,1909f56bfc062723c751e8b465ee728b)  -> (artifact id: '85014dca827b13c32042decff199b3ad') in 0.008026 seconds
Number of updated asset objects reloaded before import = 0
Number of asset objects unloaded after import = 2
========================================================================
Received Import Request.
  Time since last request: 0.000015 seconds.
  path: Assets/Nebula - Free low poly car pack/Textures/Saturated/DualColor/CarsGreenDualSaturated.png
  artifactKey: Guid(66d1aa9a29e2c204ab3263341e1c0c4c) Importer(815301076,1909f56bfc062723c751e8b465ee728b)
Start importing Assets/Nebula - Free low poly car pack/Textures/Saturated/DualColor/CarsGreenDualSaturated.png using Guid(66d1aa9a29e2c204ab3263341e1c0c4c) Importer(815301076,1909f56bfc062723c751e8b465ee728b)  -> (artifact id: '373a67d3e9d432fe73ffd2773b5e9e5b') in 0.010853 seconds
Number of updated asset objects reloaded before import = 0
Number of asset objects unloaded after import = 2
========================================================================
Received Import Request.
  Time since last request: 0.000075 seconds.
  path: Assets/Nebula - Free low poly car pack/Textures/Saturated/DualColor/CarsPurpleDualSaturated.png
  artifactKey: Guid(213032b74983bfc4b91562a037a31f81) Importer(815301076,1909f56bfc062723c751e8b465ee728b)
Start importing Assets/Nebula - Free low poly car pack/Textures/Saturated/DualColor/CarsPurpleDualSaturated.png using Guid(213032b74983bfc4b91562a037a31f81) Importer(815301076,1909f56bfc062723c751e8b465ee728b)  -> (artifact id: 'a054d7052d33f419d346f69952a67e62') in 0.018146 seconds
Number of updated asset objects reloaded before import = 0
Number of asset objects unloaded after import = 2
========================================================================
Received Import Request.
  Time since last request: 15.182261 seconds.
  path: Assets/Nebula - Free low poly car pack/Meshes/Attachments/LorryTrailer.fbx
  artifactKey: Guid(fa11eafd12b44e24598a134126c50254) Importer(815301076,1909f56bfc062723c751e8b465ee728b)
Start importing Assets/Nebula - Free low poly car pack/Meshes/Attachments/LorryTrailer.fbx using Guid(fa11eafd12b44e24598a134126c50254) Importer(815301076,1909f56bfc062723c751e8b465ee728b)  -> (artifact id: '8747bf7c10696efe3e6d1c8883dd22b4') in 0.220216 seconds
Number of updated asset objects reloaded before import = 0
Number of asset objects unloaded after import = 19
========================================================================
Received Import Request.
  Time since last request: 0.168236 seconds.
  path: Assets/Nebula - Free low poly car pack/Meshes/Colliders/AmbulanceCollider.fbx
  artifactKey: Guid(43ca3ee309efbb343a97d226802ce3be) Importer(815301076,1909f56bfc062723c751e8b465ee728b)
Start importing Assets/Nebula - Free low poly car pack/Meshes/Colliders/AmbulanceCollider.fbx using Guid(43ca3ee309efbb343a97d226802ce3be) Importer(815301076,1909f56bfc062723c751e8b465ee728b)  -> (artifact id: '87e91fffd7e9ee488ffdeb9c9c5a1ff9') in 0.049140 seconds
Number of updated asset objects reloaded before import = 0
Number of asset objects unloaded after import = 24
========================================================================
Received Import Request.
  Time since last request: 0.000051 seconds.
  path: Assets/Nebula - Free low poly car pack/Meshes/Colliders/PoliceCollider.fbx
  artifactKey: Guid(3d6cac882a195724f8e05bf64a1abde4) Importer(815301076,1909f56bfc062723c751e8b465ee728b)
Start importing Assets/Nebula - Free low poly car pack/Meshes/Colliders/PoliceCollider.fbx using Guid(3d6cac882a195724f8e05bf64a1abde4) Importer(815301076,1909f56bfc062723c751e8b465ee728b)  -> (artifact id: 'be9ac49a625eee63dfe5db09aacc91cc') in 0.032346 seconds
Number of updated asset objects reloaded before import = 0
Number of asset objects unloaded after import = 14
========================================================================
Received Import Request.
  Time since last request: 0.557274 seconds.
  path: Assets/Nebula - Free low poly car pack/Meshes/Vehicles/Ambulance.fbx
  artifactKey: Guid(a469ecaccfcde474aa75705deac48cf2) Importer(815301076,1909f56bfc062723c751e8b465ee728b)
Start importing Assets/Nebula - Free low poly car pack/Meshes/Vehicles/Ambulance.fbx using Guid(a469ecaccfcde474aa75705deac48cf2) Importer(815301076,1909f56bfc062723c751e8b465ee728b)  -> (artifact id: '58538ebccc1ce844cc28d3d3fb4e0001') in 0.017456 seconds
Number of updated asset objects reloaded before import = 0
Number of asset objects unloaded after import = 7
========================================================================
Received Import Request.
  Time since last request: 0.000056 seconds.
  path: Assets/Nebula - Free low poly car pack/Meshes/Vehicles/Muscle.fbx
  artifactKey: Guid(de900c796b57fd04ab058835b57331dc) Importer(815301076,1909f56bfc062723c751e8b465ee728b)
Start importing Assets/Nebula - Free low poly car pack/Meshes/Vehicles/Muscle.fbx using Guid(de900c796b57fd04ab058835b57331dc) Importer(815301076,1909f56bfc062723c751e8b465ee728b)  -> (artifact id: '4592da1a26e193329a9894056d782b2b') in 0.019051 seconds
Number of updated asset objects reloaded before import = 0
Number of asset objects unloaded after import = 7
========================================================================
Received Import Request.
  Time since last request: 1.184591 seconds.
  path: Assets/Nebula - Free low poly car pack/Meshes/Wheels/WheelsComplex.fbx
  artifactKey: Guid(7ec76ff1f008eb44b95f447cbe77db3b) Importer(815301076,1909f56bfc062723c751e8b465ee728b)
Start importing Assets/Nebula - Free low poly car pack/Meshes/Wheels/WheelsComplex.fbx using Guid(7ec76ff1f008eb44b95f447cbe77db3b) Importer(815301076,1909f56bfc062723c751e8b465ee728b)  -> (artifact id: 'd6e19cedcf104f3cb1a8854e5d76c83d') in 0.077611 seconds
Number of updated asset objects reloaded before import = 0
Number of asset objects unloaded after import = 24
========================================================================
Received Import Request.
  Time since last request: 3.213815 seconds.
  path: Assets/Nebula - Free low poly car pack/Materials/MultiColor/CarsBluePurple.mat
  artifactKey: Guid(c9874d5f433314a4fb96efdcc5c27b98) Importer(815301076,1909f56bfc062723c751e8b465ee728b)
Start importing Assets/Nebula - Free low poly car pack/Materials/MultiColor/CarsBluePurple.mat using Guid(c9874d5f433314a4fb96efdcc5c27b98) Importer(815301076,1909f56bfc062723c751e8b465ee728b)  -> (artifact id: '7bdaac6ae3ecf43b419d8e86477f9ac8') in 0.037307 seconds
Number of updated asset objects reloaded before import = 0
Number of asset objects unloaded after import = 2
========================================================================
Received Import Request.
  Time since last request: 0.000031 seconds.
  path: Assets/Nebula - Free low poly car pack/Materials/MultiColor/CarsRedBlack.mat
  artifactKey: Guid(09c80427239fe2f439ee98f6645ee49b) Importer(815301076,1909f56bfc062723c751e8b465ee728b)
Start importing Assets/Nebula - Free low poly car pack/Materials/MultiColor/CarsRedBlack.mat using Guid(09c80427239fe2f439ee98f6645ee49b) Importer(815301076,1909f56bfc062723c751e8b465ee728b)  -> (artifact id: '56b3e165d120a672725be553cd896156') in 0.010312 seconds
Number of updated asset objects reloaded before import = 0
Number of asset objects unloaded after import = 2
========================================================================
Received Import Request.
  Time since last request: 0.000046 seconds.
  path: Assets/Nebula - Free low poly car pack/Materials/MultiColor/CarsOrangeBrown.mat
  artifactKey: Guid(f31353a88cba47945b36451195f9ada3) Importer(815301076,1909f56bfc062723c751e8b465ee728b)
Start importing Assets/Nebula - Free low poly car pack/Materials/MultiColor/CarsOrangeBrown.mat using Guid(f31353a88cba47945b36451195f9ada3) Importer(815301076,1909f56bfc062723c751e8b465ee728b)  -> (artifact id: '05c1ee5618d02b502a64fe293e46f802') in 0.015054 seconds
Number of updated asset objects reloaded before import = 0
Number of asset objects unloaded after import = 2
========================================================================
Received Import Request.
  Time since last request: 0.536639 seconds.
  path: Assets/Nebula - Free low poly car pack/Materials/Pastel/CarsBlack.mat
  artifactKey: Guid(1af5e20863392af45bdf3e68abd043ad) Importer(815301076,1909f56bfc062723c751e8b465ee728b)
Start importing Assets/Nebula - Free low poly car pack/Materials/Pastel/CarsBlack.mat using Guid(1af5e20863392af45bdf3e68abd043ad) Importer(815301076,1909f56bfc062723c751e8b465ee728b)  -> (artifact id: 'c9f002a63d647caf0a03d3054ee41828') in 0.010308 seconds
Number of updated asset objects reloaded before import = 0
Number of asset objects unloaded after import = 2
========================================================================
Received Import Request.
  Time since last request: 0.000020 seconds.
  path: Assets/Nebula - Free low poly car pack/Materials/Pastel/CarsRed.mat
  artifactKey: Guid(c808cf76b4f26604595f97c8e7edc023) Importer(815301076,1909f56bfc062723c751e8b465ee728b)
Start importing Assets/Nebula - Free low poly car pack/Materials/Pastel/CarsRed.mat using Guid(c808cf76b4f26604595f97c8e7edc023) Importer(815301076,1909f56bfc062723c751e8b465ee728b)  -> (artifact id: '6aa468553812605b26388824b55a7117') in 0.011886 seconds
Number of updated asset objects reloaded before import = 0
Number of asset objects unloaded after import = 2
========================================================================
Received Import Request.
  Time since last request: 0.000018 seconds.
  path: Assets/Nebula - Free low poly car pack/Materials/Pastel/CarsTurqoise.mat
  artifactKey: Guid(2bfcbb803fa321f41b5b3ede6a962d9b) Importer(815301076,1909f56bfc062723c751e8b465ee728b)
Start importing Assets/Nebula - Free low poly car pack/Materials/Pastel/CarsTurqoise.mat using Guid(2bfcbb803fa321f41b5b3ede6a962d9b) Importer(815301076,1909f56bfc062723c751e8b465ee728b)  -> (artifact id: '555707d8779cc802b4e736d16e62567a') in 0.010136 seconds
Number of updated asset objects reloaded before import = 0
Number of asset objects unloaded after import = 2
========================================================================
Received Import Request.
  Time since last request: 0.000026 seconds.
  path: Assets/Nebula - Free low poly car pack/Materials/Pastel/Lights.mat
  artifactKey: Guid(8e03d9f90d589c848b51b66e3d5f94c1) Importer(815301076,1909f56bfc062723c751e8b465ee728b)
Start importing Assets/Nebula - Free low poly car pack/Materials/Pastel/Lights.mat using Guid(8e03d9f90d589c848b51b66e3d5f94c1) Importer(815301076,1909f56bfc062723c751e8b465ee728b)  -> (artifact id: 'cb293979609602d18f24d0da59c6b518') in 0.011886 seconds
Number of updated asset objects reloaded before import = 0
Number of asset objects unloaded after import = 3
========================================================================
Received Import Request.
  Time since last request: 0.897901 seconds.
  path: Assets/Nebula - Free low poly car pack/Materials/Saturated/CarsBlackSaturated.mat
  artifactKey: Guid(5471c7ed3042e004da9271f8bfe6652a) Importer(815301076,1909f56bfc062723c751e8b465ee728b)
Start importing Assets/Nebula - Free low poly car pack/Materials/Saturated/CarsBlackSaturated.mat using Guid(5471c7ed3042e004da9271f8bfe6652a) Importer(815301076,1909f56bfc062723c751e8b465ee728b)  -> (artifact id: '42b71bc47df2471e9fc1b8aa9a704430') in 0.008672 seconds
Number of updated asset objects reloaded before import = 0
Number of asset objects unloaded after import = 2
========================================================================
Received Import Request.
  Time since last request: 0.000020 seconds.
  path: Assets/Nebula - Free low poly car pack/Materials/Saturated/CarsGreenSaturated.mat
  artifactKey: Guid(901f0d6c589dde44a89085c0f6af7ba3) Importer(815301076,1909f56bfc062723c751e8b465ee728b)
Start importing Assets/Nebula - Free low poly car pack/Materials/Saturated/CarsGreenSaturated.mat using Guid(901f0d6c589dde44a89085c0f6af7ba3) Importer(815301076,1909f56bfc062723c751e8b465ee728b)  -> (artifact id: '144fa46d8d6563dc1c76a9d62f22e294') in 0.010791 seconds
Number of updated asset objects reloaded before import = 0
Number of asset objects unloaded after import = 2
========================================================================
Received Import Request.
  Time since last request: 0.000044 seconds.
  path: Assets/Nebula - Free low poly car pack/Materials/Saturated/CarsTurqoiseSaturated.mat
  artifactKey: Guid(da615bd16d187854c8e00b7a1350027d) Importer(815301076,1909f56bfc062723c751e8b465ee728b)
Start importing Assets/Nebula - Free low poly car pack/Materials/Saturated/CarsTurqoiseSaturated.mat using Guid(da615bd16d187854c8e00b7a1350027d) Importer(815301076,1909f56bfc062723c751e8b465ee728b)  -> (artifact id: '8e8ea689502cefec7af1f1dcccbe6001') in 0.009543 seconds
Number of updated asset objects reloaded before import = 0
Number of asset objects unloaded after import = 2
========================================================================
Received Import Request.
  Time since last request: 0.000021 seconds.
  path: Assets/Nebula - Free low poly car pack/Materials/Saturated/CarsRedSaturated.mat
  artifactKey: Guid(08a86e9f073b9c14f8db1ee3c8a96f21) Importer(815301076,1909f56bfc062723c751e8b465ee728b)
Start importing Assets/Nebula - Free low poly car pack/Materials/Saturated/CarsRedSaturated.mat using Guid(08a86e9f073b9c14f8db1ee3c8a96f21) Importer(815301076,1909f56bfc062723c751e8b465ee728b)  -> (artifact id: '5403d0225cd6d2ffb8894dba58f0d38e') in 0.011075 seconds
Number of updated asset objects reloaded before import = 0
Number of asset objects unloaded after import = 2
========================================================================
Received Import Request.
  Time since last request: 40.700414 seconds.
  path: Assets/BrokenVector/LowPolyCarPack/ExampleAssets/Models
  artifactKey: Guid(e9f659320c30bcb48a69195099503bec) Importer(815301076,1909f56bfc062723c751e8b465ee728b)
Start importing Assets/BrokenVector/LowPolyCarPack/ExampleAssets/Models using Guid(e9f659320c30bcb48a69195099503bec) Importer(815301076,1909f56bfc062723c751e8b465ee728b)  -> (artifact id: 'f61f5941b69b1b5f7f0fbccce577afb0') in 0.000632 seconds
Number of updated asset objects reloaded before import = 0
Number of asset objects unloaded after import = 0
========================================================================
Received Import Request.
  Time since last request: 0.063644 seconds.
  path: Assets/BrokenVector/LowPolyCarPack/ExampleAssets/Models/Environment.fbx
  artifactKey: Guid(b77dc7d4143e7174ea7b21514826d310) Importer(815301076,1909f56bfc062723c751e8b465ee728b)
Start importing Assets/BrokenVector/LowPolyCarPack/ExampleAssets/Models/Environment.fbx using Guid(b77dc7d4143e7174ea7b21514826d310) Importer(815301076,1909f56bfc062723c751e8b465ee728b)  -> (artifact id: '396081e4c56530fbf8876a005b68d8dd') in 0.045947 seconds
Number of updated asset objects reloaded before import = 0
Number of asset objects unloaded after import = 16
========================================================================
Received Import Request.
  Time since last request: 0.709743 seconds.
  path: Assets/BrokenVector/LowPolyCarPack/ExampleAssets/Models/Materials
  artifactKey: Guid(15cff051ef84ebb4e91bde49973e53db) Importer(815301076,1909f56bfc062723c751e8b465ee728b)
Start importing Assets/BrokenVector/LowPolyCarPack/ExampleAssets/Models/Materials using Guid(15cff051ef84ebb4e91bde49973e53db) Importer(815301076,1909f56bfc062723c751e8b465ee728b)  -> (artifact id: '14aeaa7fd0de6cc88b678bc973a6d60d') in 0.004229 seconds
Number of updated asset objects reloaded before import = 0
Number of asset objects unloaded after import = 0
========================================================================
Received Import Request.
  Time since last request: 0.511334 seconds.
  path: Assets/BrokenVector/LowPolyCarPack/ExampleAssets/Models/Materials/bluegreen.mat
  artifactKey: Guid(2f741ca76d5d14241b47bc6e8c2a42c8) Importer(815301076,1909f56bfc062723c751e8b465ee728b)
Start importing Assets/BrokenVector/LowPolyCarPack/ExampleAssets/Models/Materials/bluegreen.mat using Guid(2f741ca76d5d14241b47bc6e8c2a42c8) Importer(815301076,1909f56bfc062723c751e8b465ee728b)  -> (artifact id: '51e9f078987b7cce3861d3437e540170') in 0.009594 seconds
Number of updated asset objects reloaded before import = 0
Number of asset objects unloaded after import = 1
========================================================================
Received Import Request.
  Time since last request: 0.000019 seconds.
  path: Assets/BrokenVector/LowPolyCarPack/ExampleAssets/Models/Materials/wood.mat
  artifactKey: Guid(4bc462b665aa4b04fac0cadf86f4eb04) Importer(815301076,1909f56bfc062723c751e8b465ee728b)
Start importing Assets/BrokenVector/LowPolyCarPack/ExampleAssets/Models/Materials/wood.mat using Guid(4bc462b665aa4b04fac0cadf86f4eb04) Importer(815301076,1909f56bfc062723c751e8b465ee728b)  -> (artifact id: '9b1a5a5c7957911a0a77bf74a6836868') in 0.011440 seconds
Number of updated asset objects reloaded before import = 0
Number of asset objects unloaded after import = 1
========================================================================
Received Import Request.
  Time since last request: 0.000054 seconds.
  path: Assets/BrokenVector/LowPolyCarPack/ExampleAssets/Models/Materials/Sand.mat
  artifactKey: Guid(cb2e75aa1bf35ab4dbb9e063eed6be6e) Importer(815301076,1909f56bfc062723c751e8b465ee728b)
Start importing Assets/BrokenVector/LowPolyCarPack/ExampleAssets/Models/Materials/Sand.mat using Guid(cb2e75aa1bf35ab4dbb9e063eed6be6e) Importer(815301076,1909f56bfc062723c751e8b465ee728b)  -> (artifact id: '26565df35d0081938006f0d7f6be37bb') in 0.010226 seconds
Number of updated asset objects reloaded before import = 0
Number of asset objects unloaded after import = 1
Editor requested this worker to shutdown with reason: Scaling down because of idle timeout
TcpMessagingSession - receive error: operation aborted. errorcode: 995, details: The I/O operation has been aborted because of either a thread exit or an application request.
AssetImportWorker is now disconnected from the server
Process exiting
Exiting without the bug reporter. Application will terminate with return code 0